<?xml version="1.0" encoding="UTF-8"?>
<testsuite xmlns:xsi="http://www.w3.org/2001/XMLSchema-instance" xsi:noNamespaceSchemaLocation="https://maven.apache.org/surefire/maven-surefire-plugin/xsd/surefire-test-report.xsd" name="com.mynews.NewsApplicationTests" time="14.378" tests="1" errors="0" skipped="0" failures="0">
  <properties>
    <property name="sun.desktop" value="windows"/>
    <property name="awt.toolkit" value="sun.awt.windows.WToolkit"/>
    <property name="file.encoding.pkg" value="sun.io"/>
    <property name="java.specification.version" value="1.8"/>
    <property name="sun.cpu.isalist" value="amd64"/>
    <property name="sun.jnu.encoding" value="GBK"/>
    <property name="java.class.path" value="D:\java\元镁科技\work2\news\target\test-classes;D:\java\元镁科技\work2\news\target\classes;D:\java\maven\ali_repo\org\springframework\boot\spring-boot-starter-data-jpa\2.1.4.RELEASE\spring-boot-starter-data-jpa-2.1.4.RELEASE.jar;D:\java\maven\ali_repo\org\springframework\boot\spring-boot-starter-aop\2.1.4.RELEASE\spring-boot-starter-aop-2.1.4.RELEASE.jar;D:\java\maven\ali_repo\org\springframework\spring-aop\5.1.6.RELEASE\spring-aop-5.1.6.RELEASE.jar;D:\java\maven\ali_repo\org\aspectj\aspectjweaver\1.9.2\aspectjweaver-1.9.2.jar;D:\java\maven\ali_repo\org\springframework\boot\spring-boot-starter-jdbc\2.1.4.RELEASE\spring-boot-starter-jdbc-2.1.4.RELEASE.jar;D:\java\maven\ali_repo\com\zaxxer\HikariCP\3.2.0\HikariCP-3.2.0.jar;D:\java\maven\ali_repo\org\springframework\spring-jdbc\5.1.6.RELEASE\spring-jdbc-5.1.6.RELEASE.jar;D:\java\maven\ali_repo\javax\transaction\javax.transaction-api\1.3\javax.transaction-api-1.3.jar;D:\java\maven\ali_repo\javax\xml\bind\jaxb-api\2.3.1\jaxb-api-2.3.1.jar;D:\java\maven\ali_repo\javax\activation\javax.activation-api\1.2.0\javax.activation-api-1.2.0.jar;D:\java\maven\ali_repo\org\hibernate\hibernate-core\5.3.9.Final\hibernate-core-5.3.9.Final.jar;D:\java\maven\ali_repo\org\jboss\logging\jboss-logging\3.3.2.Final\jboss-logging-3.3.2.Final.jar;D:\java\maven\ali_repo\javax\persistence\javax.persistence-api\2.2\javax.persistence-api-2.2.jar;D:\java\maven\ali_repo\org\javassist\javassist\3.23.1-GA\javassist-3.23.1-GA.jar;D:\java\maven\ali_repo\net\bytebuddy\byte-buddy\1.9.12\byte-buddy-1.9.12.jar;D:\java\maven\ali_repo\antlr\antlr\2.7.7\antlr-2.7.7.jar;D:\java\maven\ali_repo\org\jboss\jandex\2.0.5.Final\jandex-2.0.5.Final.jar;D:\java\maven\ali_repo\org\dom4j\dom4j\2.1.1\dom4j-2.1.1.jar;D:\java\maven\ali_repo\org\hibernate\common\hibernate-commons-annotations\5.0.4.Final\hibernate-commons-annotations-5.0.4.Final.jar;D:\java\maven\ali_repo\org\springframework\data\spring-data-jpa\2.1.6.RELEASE\spring-data-jpa-2.1.6.RELEASE.jar;D:\java\maven\ali_repo\org\springframework\data\spring-data-commons\2.1.6.RELEASE\spring-data-commons-2.1.6.RELEASE.jar;D:\java\maven\ali_repo\org\springframework\spring-orm\5.1.6.RELEASE\spring-orm-5.1.6.RELEASE.jar;D:\java\maven\ali_repo\org\springframework\spring-context\5.1.6.RELEASE\spring-context-5.1.6.RELEASE.jar;D:\java\maven\ali_repo\org\springframework\spring-tx\5.1.6.RELEASE\spring-tx-5.1.6.RELEASE.jar;D:\java\maven\ali_repo\org\springframework\spring-beans\5.1.6.RELEASE\spring-beans-5.1.6.RELEASE.jar;D:\java\maven\ali_repo\org\springframework\spring-aspects\5.1.6.RELEASE\spring-aspects-5.1.6.RELEASE.jar;D:\java\maven\ali_repo\org\springframework\boot\spring-boot-starter-web\2.1.4.RELEASE\spring-boot-starter-web-2.1.4.RELEASE.jar;D:\java\maven\ali_repo\org\springframework\boot\spring-boot-starter\2.1.4.RELEASE\spring-boot-starter-2.1.4.RELEASE.jar;D:\java\maven\ali_repo\org\springframework\boot\spring-boot\2.1.4.RELEASE\spring-boot-2.1.4.RELEASE.jar;D:\java\maven\ali_repo\org\springframework\boot\spring-boot-autoconfigure\2.1.4.RELEASE\spring-boot-autoconfigure-2.1.4.RELEASE.jar;D:\java\maven\ali_repo\org\springframework\boot\spring-boot-starter-logging\2.1.4.RELEASE\spring-boot-starter-logging-2.1.4.RELEASE.jar;D:\java\maven\ali_repo\ch\qos\logback\logback-classic\1.2.3\logback-classic-1.2.3.jar;D:\java\maven\ali_repo\ch\qos\logback\logback-core\1.2.3\logback-core-1.2.3.jar;D:\java\maven\ali_repo\org\apache\logging\log4j\log4j-to-slf4j\2.11.2\log4j-to-slf4j-2.11.2.jar;D:\java\maven\ali_repo\org\apache\logging\log4j\log4j-api\2.11.2\log4j-api-2.11.2.jar;D:\java\maven\ali_repo\org\slf4j\jul-to-slf4j\1.7.26\jul-to-slf4j-1.7.26.jar;D:\java\maven\ali_repo\javax\annotation\javax.annotation-api\1.3.2\javax.annotation-api-1.3.2.jar;D:\java\maven\ali_repo\org\yaml\snakeyaml\1.23\snakeyaml-1.23.jar;D:\java\maven\ali_repo\org\springframework\boot\spring-boot-starter-json\2.1.4.RELEASE\spring-boot-starter-json-2.1.4.RELEASE.jar;D:\java\maven\ali_repo\com\fasterxml\jackson\core\jackson-databind\2.9.8\jackson-databind-2.9.8.jar;D:\java\maven\ali_repo\com\fasterxml\jackson\core\jackson-core\2.9.8\jackson-core-2.9.8.jar;D:\java\maven\ali_repo\com\fasterxml\jackson\datatype\jackson-datatype-jdk8\2.9.8\jackson-datatype-jdk8-2.9.8.jar;D:\java\maven\ali_repo\com\fasterxml\jackson\datatype\jackson-datatype-jsr310\2.9.8\jackson-datatype-jsr310-2.9.8.jar;D:\java\maven\ali_repo\com\fasterxml\jackson\module\jackson-module-parameter-names\2.9.8\jackson-module-parameter-names-2.9.8.jar;D:\java\maven\ali_repo\org\springframework\boot\spring-boot-starter-tomcat\2.1.4.RELEASE\spring-boot-starter-tomcat-2.1.4.RELEASE.jar;D:\java\maven\ali_repo\org\apache\tomcat\embed\tomcat-embed-core\9.0.17\tomcat-embed-core-9.0.17.jar;D:\java\maven\ali_repo\org\apache\tomcat\embed\tomcat-embed-el\9.0.17\tomcat-embed-el-9.0.17.jar;D:\java\maven\ali_repo\org\apache\tomcat\embed\tomcat-embed-websocket\9.0.17\tomcat-embed-websocket-9.0.17.jar;D:\java\maven\ali_repo\org\hibernate\validator\hibernate-validator\6.0.16.Final\hibernate-validator-6.0.16.Final.jar;D:\java\maven\ali_repo\javax\validation\validation-api\2.0.1.Final\validation-api-2.0.1.Final.jar;D:\java\maven\ali_repo\org\springframework\spring-web\5.1.6.RELEASE\spring-web-5.1.6.RELEASE.jar;D:\java\maven\ali_repo\org\springframework\spring-webmvc\5.1.6.RELEASE\spring-webmvc-5.1.6.RELEASE.jar;D:\java\maven\ali_repo\org\springframework\spring-expression\5.1.6.RELEASE\spring-expression-5.1.6.RELEASE.jar;D:\java\maven\ali_repo\org\springframework\boot\spring-boot-starter-thymeleaf\2.1.4.RELEASE\spring-boot-starter-thymeleaf-2.1.4.RELEASE.jar;D:\java\maven\ali_repo\org\thymeleaf\thymeleaf-spring5\3.0.11.RELEASE\thymeleaf-spring5-3.0.11.RELEASE.jar;D:\java\maven\ali_repo\org\thymeleaf\thymeleaf\3.0.11.RELEASE\thymeleaf-3.0.11.RELEASE.jar;D:\java\maven\ali_repo\org\attoparser\attoparser\2.0.5.RELEASE\attoparser-2.0.5.RELEASE.jar;D:\java\maven\ali_repo\org\unbescape\unbescape\1.1.6.RELEASE\unbescape-1.1.6.RELEASE.jar;D:\java\maven\ali_repo\org\thymeleaf\extras\thymeleaf-extras-java8time\3.0.4.RELEASE\thymeleaf-extras-java8time-3.0.4.RELEASE.jar;D:\java\maven\ali_repo\mysql\mysql-connector-java\8.0.15\mysql-connector-java-8.0.15.jar;D:\java\maven\ali_repo\org\springframework\boot\spring-boot-starter-test\2.1.4.RELEASE\spring-boot-starter-test-2.1.4.RELEASE.jar;D:\java\maven\ali_repo\org\springframework\boot\spring-boot-test\2.1.4.RELEASE\spring-boot-test-2.1.4.RELEASE.jar;D:\java\maven\ali_repo\org\springframework\boot\spring-boot-test-autoconfigure\2.1.4.RELEASE\spring-boot-test-autoconfigure-2.1.4.RELEASE.jar;D:\java\maven\ali_repo\com\jayway\jsonpath\json-path\2.4.0\json-path-2.4.0.jar;D:\java\maven\ali_repo\net\minidev\json-smart\2.3\json-smart-2.3.jar;D:\java\maven\ali_repo\net\minidev\accessors-smart\1.2\accessors-smart-1.2.jar;D:\java\maven\ali_repo\org\ow2\asm\asm\5.0.4\asm-5.0.4.jar;D:\java\maven\ali_repo\junit\junit\4.12\junit-4.12.jar;D:\java\maven\ali_repo\org\assertj\assertj-core\3.11.1\assertj-core-3.11.1.jar;D:\java\maven\ali_repo\org\mockito\mockito-core\2.23.4\mockito-core-2.23.4.jar;D:\java\maven\ali_repo\net\bytebuddy\byte-buddy-agent\1.9.12\byte-buddy-agent-1.9.12.jar;D:\java\maven\ali_repo\org\objenesis\objenesis\2.6\objenesis-2.6.jar;D:\java\maven\ali_repo\org\hamcrest\hamcrest-core\1.3\hamcrest-core-1.3.jar;D:\java\maven\ali_repo\org\hamcrest\hamcrest-library\1.3\hamcrest-library-1.3.jar;D:\java\maven\ali_repo\org\skyscreamer\jsonassert\1.5.0\jsonassert-1.5.0.jar;D:\java\maven\ali_repo\com\vaadin\external\google\android-json\0.0.20131108.vaadin1\android-json-0.0.20131108.vaadin1.jar;D:\java\maven\ali_repo\org\springframework\spring-core\5.1.6.RELEASE\spring-core-5.1.6.RELEASE.jar;D:\java\maven\ali_repo\org\springframework\spring-jcl\5.1.6.RELEASE\spring-jcl-5.1.6.RELEASE.jar;D:\java\maven\ali_repo\org\springframework\spring-test\5.1.6.RELEASE\spring-test-5.1.6.RELEASE.jar;D:\java\maven\ali_repo\org\xmlunit\xmlunit-core\2.6.2\xmlunit-core-2.6.2.jar;D:\java\maven\ali_repo\org\projectlombok\lombok\1.18.6\lombok-1.18.6.jar;D:\java\maven\ali_repo\org\jsoup\jsoup\1.11.3\jsoup-1.11.3.jar;D:\java\maven\ali_repo\com\alibaba\fastjson\1.2.57\fastjson-1.2.57.jar;D:\java\maven\ali_repo\net\sf\trove4j\core\3.1.0\core-3.1.0.jar;D:\java\maven\ali_repo\org\webjars\jquery\3.3.1\jquery-3.3.1.jar;D:\java\maven\ali_repo\org\springframework\boot\spring-boot-starter-mail\2.1.4.RELEASE\spring-boot-starter-mail-2.1.4.RELEASE.jar;D:\java\maven\ali_repo\org\springframework\spring-context-support\5.1.6.RELEASE\spring-context-support-5.1.6.RELEASE.jar;D:\java\maven\ali_repo\com\sun\mail\javax.mail\1.6.2\javax.mail-1.6.2.jar;D:\java\maven\ali_repo\javax\activation\activation\1.1\activation-1.1.jar;D:\java\maven\ali_repo\org\apache\poi\poi\3.15\poi-3.15.jar;D:\java\maven\ali_repo\commons-codec\commons-codec\1.11\commons-codec-1.11.jar;D:\java\maven\ali_repo\org\apache\commons\commons-collections4\4.1\commons-collections4-4.1.jar;D:\java\maven\ali_repo\org\apache\poi\poi-ooxml\3.15\poi-ooxml-3.15.jar;D:\java\maven\ali_repo\org\apache\poi\poi-ooxml-schemas\3.15\poi-ooxml-schemas-3.15.jar;D:\java\maven\ali_repo\org\apache\xmlbeans\xmlbeans\2.6.0\xmlbeans-2.6.0.jar;D:\java\maven\ali_repo\stax\stax-api\1.0.1\stax-api-1.0.1.jar;D:\java\maven\ali_repo\com\github\virtuald\curvesapi\1.04\curvesapi-1.04.jar;D:\java\maven\ali_repo\io\springfox\springfox-swagger2\2.7.0\springfox-swagger2-2.7.0.jar;D:\java\maven\ali_repo\io\swagger\swagger-annotations\1.5.13\swagger-annotations-1.5.13.jar;D:\java\maven\ali_repo\io\swagger\swagger-models\1.5.13\swagger-models-1.5.13.jar;D:\java\maven\ali_repo\com\fasterxml\jackson\core\jackson-annotations\2.9.0\jackson-annotations-2.9.0.jar;D:\java\maven\ali_repo\io\springfox\springfox-spi\2.7.0\springfox-spi-2.7.0.jar;D:\java\maven\ali_repo\io\springfox\springfox-core\2.7.0\springfox-core-2.7.0.jar;D:\java\maven\ali_repo\io\springfox\springfox-schema\2.7.0\springfox-schema-2.7.0.jar;D:\java\maven\ali_repo\io\springfox\springfox-swagger-common\2.7.0\springfox-swagger-common-2.7.0.jar;D:\java\maven\ali_repo\io\springfox\springfox-spring-web\2.7.0\springfox-spring-web-2.7.0.jar;D:\java\maven\ali_repo\org\reflections\reflections\0.9.11\reflections-0.9.11.jar;D:\java\maven\ali_repo\com\google\guava\guava\18.0\guava-18.0.jar;D:\java\maven\ali_repo\com\fasterxml\classmate\1.4.0\classmate-1.4.0.jar;D:\java\maven\ali_repo\org\slf4j\slf4j-api\1.7.26\slf4j-api-1.7.26.jar;D:\java\maven\ali_repo\org\springframework\plugin\spring-plugin-core\1.2.0.RELEASE\spring-plugin-core-1.2.0.RELEASE.jar;D:\java\maven\ali_repo\org\springframework\plugin\spring-plugin-metadata\1.2.0.RELEASE\spring-plugin-metadata-1.2.0.RELEASE.jar;D:\java\maven\ali_repo\org\mapstruct\mapstruct\1.1.0.Final\mapstruct-1.1.0.Final.jar;D:\java\maven\ali_repo\io\springfox\springfox-swagger-ui\2.7.0\springfox-swagger-ui-2.7.0.jar;D:\java\maven\ali_repo\org\apache\httpcomponents\httpclient\4.5.10\httpclient-4.5.10.jar;D:\java\maven\ali_repo\org\apache\httpcomponents\httpcore\4.4.11\httpcore-4.4.11.jar;"/>
    <property name="java.vm.vendor" value="Oracle Corporation"/>
    <property name="sun.arch.data.model" value="64"/>
    <property name="user.variant" value=""/>
    <property name="java.vendor.url" value="http://java.oracle.com/"/>
    <property name="user.timezone" value="Asia/Shanghai"/>
    <property name="java.vm.specification.version" value="1.8"/>
    <property name="os.name" value="Windows 10"/>
    <property name="user.country" value="CN"/>
    <property name="sun.java.launcher" value="SUN_STANDARD"/>
    <property name="sun.boot.library.path" value="D:\java\dep\jdk8\jre\bin"/>
    <property name="sun.java.command" value="C:\Users\yetech\AppData\Local\Temp\surefire8836157718173671254\surefirebooter5622544169832393434.jar C:\Users\yetech\AppData\Local\Temp\surefire8836157718173671254 2020-04-03T18-07-53_477-jvmRun1 surefire2265463866807474312tmp surefire_03790733510182681682tmp"/>
    <property name="surefire.test.class.path" value="D:\java\元镁科技\work2\news\target\test-classes;D:\java\元镁科技\work2\news\target\classes;D:\java\maven\ali_repo\org\springframework\boot\spring-boot-starter-data-jpa\2.1.4.RELEASE\spring-boot-starter-data-jpa-2.1.4.RELEASE.jar;D:\java\maven\ali_repo\org\springframework\boot\spring-boot-starter-aop\2.1.4.RELEASE\spring-boot-starter-aop-2.1.4.RELEASE.jar;D:\java\maven\ali_repo\org\springframework\spring-aop\5.1.6.RELEASE\spring-aop-5.1.6.RELEASE.jar;D:\java\maven\ali_repo\org\aspectj\aspectjweaver\1.9.2\aspectjweaver-1.9.2.jar;D:\java\maven\ali_repo\org\springframework\boot\spring-boot-starter-jdbc\2.1.4.RELEASE\spring-boot-starter-jdbc-2.1.4.RELEASE.jar;D:\java\maven\ali_repo\com\zaxxer\HikariCP\3.2.0\HikariCP-3.2.0.jar;D:\java\maven\ali_repo\org\springframework\spring-jdbc\5.1.6.RELEASE\spring-jdbc-5.1.6.RELEASE.jar;D:\java\maven\ali_repo\javax\transaction\javax.transaction-api\1.3\javax.transaction-api-1.3.jar;D:\java\maven\ali_repo\javax\xml\bind\jaxb-api\2.3.1\jaxb-api-2.3.1.jar;D:\java\maven\ali_repo\javax\activation\javax.activation-api\1.2.0\javax.activation-api-1.2.0.jar;D:\java\maven\ali_repo\org\hibernate\hibernate-core\5.3.9.Final\hibernate-core-5.3.9.Final.jar;D:\java\maven\ali_repo\org\jboss\logging\jboss-logging\3.3.2.Final\jboss-logging-3.3.2.Final.jar;D:\java\maven\ali_repo\javax\persistence\javax.persistence-api\2.2\javax.persistence-api-2.2.jar;D:\java\maven\ali_repo\org\javassist\javassist\3.23.1-GA\javassist-3.23.1-GA.jar;D:\java\maven\ali_repo\net\bytebuddy\byte-buddy\1.9.12\byte-buddy-1.9.12.jar;D:\java\maven\ali_repo\antlr\antlr\2.7.7\antlr-2.7.7.jar;D:\java\maven\ali_repo\org\jboss\jandex\2.0.5.Final\jandex-2.0.5.Final.jar;D:\java\maven\ali_repo\org\dom4j\dom4j\2.1.1\dom4j-2.1.1.jar;D:\java\maven\ali_repo\org\hibernate\common\hibernate-commons-annotations\5.0.4.Final\hibernate-commons-annotations-5.0.4.Final.jar;D:\java\maven\ali_repo\org\springframework\data\spring-data-jpa\2.1.6.RELEASE\spring-data-jpa-2.1.6.RELEASE.jar;D:\java\maven\ali_repo\org\springframework\data\spring-data-commons\2.1.6.RELEASE\spring-data-commons-2.1.6.RELEASE.jar;D:\java\maven\ali_repo\org\springframework\spring-orm\5.1.6.RELEASE\spring-orm-5.1.6.RELEASE.jar;D:\java\maven\ali_repo\org\springframework\spring-context\5.1.6.RELEASE\spring-context-5.1.6.RELEASE.jar;D:\java\maven\ali_repo\org\springframework\spring-tx\5.1.6.RELEASE\spring-tx-5.1.6.RELEASE.jar;D:\java\maven\ali_repo\org\springframework\spring-beans\5.1.6.RELEASE\spring-beans-5.1.6.RELEASE.jar;D:\java\maven\ali_repo\org\springframework\spring-aspects\5.1.6.RELEASE\spring-aspects-5.1.6.RELEASE.jar;D:\java\maven\ali_repo\org\springframework\boot\spring-boot-starter-web\2.1.4.RELEASE\spring-boot-starter-web-2.1.4.RELEASE.jar;D:\java\maven\ali_repo\org\springframework\boot\spring-boot-starter\2.1.4.RELEASE\spring-boot-starter-2.1.4.RELEASE.jar;D:\java\maven\ali_repo\org\springframework\boot\spring-boot\2.1.4.RELEASE\spring-boot-2.1.4.RELEASE.jar;D:\java\maven\ali_repo\org\springframework\boot\spring-boot-autoconfigure\2.1.4.RELEASE\spring-boot-autoconfigure-2.1.4.RELEASE.jar;D:\java\maven\ali_repo\org\springframework\boot\spring-boot-starter-logging\2.1.4.RELEASE\spring-boot-starter-logging-2.1.4.RELEASE.jar;D:\java\maven\ali_repo\ch\qos\logback\logback-classic\1.2.3\logback-classic-1.2.3.jar;D:\java\maven\ali_repo\ch\qos\logback\logback-core\1.2.3\logback-core-1.2.3.jar;D:\java\maven\ali_repo\org\apache\logging\log4j\log4j-to-slf4j\2.11.2\log4j-to-slf4j-2.11.2.jar;D:\java\maven\ali_repo\org\apache\logging\log4j\log4j-api\2.11.2\log4j-api-2.11.2.jar;D:\java\maven\ali_repo\org\slf4j\jul-to-slf4j\1.7.26\jul-to-slf4j-1.7.26.jar;D:\java\maven\ali_repo\javax\annotation\javax.annotation-api\1.3.2\javax.annotation-api-1.3.2.jar;D:\java\maven\ali_repo\org\yaml\snakeyaml\1.23\snakeyaml-1.23.jar;D:\java\maven\ali_repo\org\springframework\boot\spring-boot-starter-json\2.1.4.RELEASE\spring-boot-starter-json-2.1.4.RELEASE.jar;D:\java\maven\ali_repo\com\fasterxml\jackson\core\jackson-databind\2.9.8\jackson-databind-2.9.8.jar;D:\java\maven\ali_repo\com\fasterxml\jackson\core\jackson-core\2.9.8\jackson-core-2.9.8.jar;D:\java\maven\ali_repo\com\fasterxml\jackson\datatype\jackson-datatype-jdk8\2.9.8\jackson-datatype-jdk8-2.9.8.jar;D:\java\maven\ali_repo\com\fasterxml\jackson\datatype\jackson-datatype-jsr310\2.9.8\jackson-datatype-jsr310-2.9.8.jar;D:\java\maven\ali_repo\com\fasterxml\jackson\module\jackson-module-parameter-names\2.9.8\jackson-module-parameter-names-2.9.8.jar;D:\java\maven\ali_repo\org\springframework\boot\spring-boot-starter-tomcat\2.1.4.RELEASE\spring-boot-starter-tomcat-2.1.4.RELEASE.jar;D:\java\maven\ali_repo\org\apache\tomcat\embed\tomcat-embed-core\9.0.17\tomcat-embed-core-9.0.17.jar;D:\java\maven\ali_repo\org\apache\tomcat\embed\tomcat-embed-el\9.0.17\tomcat-embed-el-9.0.17.jar;D:\java\maven\ali_repo\org\apache\tomcat\embed\tomcat-embed-websocket\9.0.17\tomcat-embed-websocket-9.0.17.jar;D:\java\maven\ali_repo\org\hibernate\validator\hibernate-validator\6.0.16.Final\hibernate-validator-6.0.16.Final.jar;D:\java\maven\ali_repo\javax\validation\validation-api\2.0.1.Final\validation-api-2.0.1.Final.jar;D:\java\maven\ali_repo\org\springframework\spring-web\5.1.6.RELEASE\spring-web-5.1.6.RELEASE.jar;D:\java\maven\ali_repo\org\springframework\spring-webmvc\5.1.6.RELEASE\spring-webmvc-5.1.6.RELEASE.jar;D:\java\maven\ali_repo\org\springframework\spring-expression\5.1.6.RELEASE\spring-expression-5.1.6.RELEASE.jar;D:\java\maven\ali_repo\org\springframework\boot\spring-boot-starter-thymeleaf\2.1.4.RELEASE\spring-boot-starter-thymeleaf-2.1.4.RELEASE.jar;D:\java\maven\ali_repo\org\thymeleaf\thymeleaf-spring5\3.0.11.RELEASE\thymeleaf-spring5-3.0.11.RELEASE.jar;D:\java\maven\ali_repo\org\thymeleaf\thymeleaf\3.0.11.RELEASE\thymeleaf-3.0.11.RELEASE.jar;D:\java\maven\ali_repo\org\attoparser\attoparser\2.0.5.RELEASE\attoparser-2.0.5.RELEASE.jar;D:\java\maven\ali_repo\org\unbescape\unbescape\1.1.6.RELEASE\unbescape-1.1.6.RELEASE.jar;D:\java\maven\ali_repo\org\thymeleaf\extras\thymeleaf-extras-java8time\3.0.4.RELEASE\thymeleaf-extras-java8time-3.0.4.RELEASE.jar;D:\java\maven\ali_repo\mysql\mysql-connector-java\8.0.15\mysql-connector-java-8.0.15.jar;D:\java\maven\ali_repo\org\springframework\boot\spring-boot-starter-test\2.1.4.RELEASE\spring-boot-starter-test-2.1.4.RELEASE.jar;D:\java\maven\ali_repo\org\springframework\boot\spring-boot-test\2.1.4.RELEASE\spring-boot-test-2.1.4.RELEASE.jar;D:\java\maven\ali_repo\org\springframework\boot\spring-boot-test-autoconfigure\2.1.4.RELEASE\spring-boot-test-autoconfigure-2.1.4.RELEASE.jar;D:\java\maven\ali_repo\com\jayway\jsonpath\json-path\2.4.0\json-path-2.4.0.jar;D:\java\maven\ali_repo\net\minidev\json-smart\2.3\json-smart-2.3.jar;D:\java\maven\ali_repo\net\minidev\accessors-smart\1.2\accessors-smart-1.2.jar;D:\java\maven\ali_repo\org\ow2\asm\asm\5.0.4\asm-5.0.4.jar;D:\java\maven\ali_repo\junit\junit\4.12\junit-4.12.jar;D:\java\maven\ali_repo\org\assertj\assertj-core\3.11.1\assertj-core-3.11.1.jar;D:\java\maven\ali_repo\org\mockito\mockito-core\2.23.4\mockito-core-2.23.4.jar;D:\java\maven\ali_repo\net\bytebuddy\byte-buddy-agent\1.9.12\byte-buddy-agent-1.9.12.jar;D:\java\maven\ali_repo\org\objenesis\objenesis\2.6\objenesis-2.6.jar;D:\java\maven\ali_repo\org\hamcrest\hamcrest-core\1.3\hamcrest-core-1.3.jar;D:\java\maven\ali_repo\org\hamcrest\hamcrest-library\1.3\hamcrest-library-1.3.jar;D:\java\maven\ali_repo\org\skyscreamer\jsonassert\1.5.0\jsonassert-1.5.0.jar;D:\java\maven\ali_repo\com\vaadin\external\google\android-json\0.0.20131108.vaadin1\android-json-0.0.20131108.vaadin1.jar;D:\java\maven\ali_repo\org\springframework\spring-core\5.1.6.RELEASE\spring-core-5.1.6.RELEASE.jar;D:\java\maven\ali_repo\org\springframework\spring-jcl\5.1.6.RELEASE\spring-jcl-5.1.6.RELEASE.jar;D:\java\maven\ali_repo\org\springframework\spring-test\5.1.6.RELEASE\spring-test-5.1.6.RELEASE.jar;D:\java\maven\ali_repo\org\xmlunit\xmlunit-core\2.6.2\xmlunit-core-2.6.2.jar;D:\java\maven\ali_repo\org\projectlombok\lombok\1.18.6\lombok-1.18.6.jar;D:\java\maven\ali_repo\org\jsoup\jsoup\1.11.3\jsoup-1.11.3.jar;D:\java\maven\ali_repo\com\alibaba\fastjson\1.2.57\fastjson-1.2.57.jar;D:\java\maven\ali_repo\net\sf\trove4j\core\3.1.0\core-3.1.0.jar;D:\java\maven\ali_repo\org\webjars\jquery\3.3.1\jquery-3.3.1.jar;D:\java\maven\ali_repo\org\springframework\boot\spring-boot-starter-mail\2.1.4.RELEASE\spring-boot-starter-mail-2.1.4.RELEASE.jar;D:\java\maven\ali_repo\org\springframework\spring-context-support\5.1.6.RELEASE\spring-context-support-5.1.6.RELEASE.jar;D:\java\maven\ali_repo\com\sun\mail\javax.mail\1.6.2\javax.mail-1.6.2.jar;D:\java\maven\ali_repo\javax\activation\activation\1.1\activation-1.1.jar;D:\java\maven\ali_repo\org\apache\poi\poi\3.15\poi-3.15.jar;D:\java\maven\ali_repo\commons-codec\commons-codec\1.11\commons-codec-1.11.jar;D:\java\maven\ali_repo\org\apache\commons\commons-collections4\4.1\commons-collections4-4.1.jar;D:\java\maven\ali_repo\org\apache\poi\poi-ooxml\3.15\poi-ooxml-3.15.jar;D:\java\maven\ali_repo\org\apache\poi\poi-ooxml-schemas\3.15\poi-ooxml-schemas-3.15.jar;D:\java\maven\ali_repo\org\apache\xmlbeans\xmlbeans\2.6.0\xmlbeans-2.6.0.jar;D:\java\maven\ali_repo\stax\stax-api\1.0.1\stax-api-1.0.1.jar;D:\java\maven\ali_repo\com\github\virtuald\curvesapi\1.04\curvesapi-1.04.jar;D:\java\maven\ali_repo\io\springfox\springfox-swagger2\2.7.0\springfox-swagger2-2.7.0.jar;D:\java\maven\ali_repo\io\swagger\swagger-annotations\1.5.13\swagger-annotations-1.5.13.jar;D:\java\maven\ali_repo\io\swagger\swagger-models\1.5.13\swagger-models-1.5.13.jar;D:\java\maven\ali_repo\com\fasterxml\jackson\core\jackson-annotations\2.9.0\jackson-annotations-2.9.0.jar;D:\java\maven\ali_repo\io\springfox\springfox-spi\2.7.0\springfox-spi-2.7.0.jar;D:\java\maven\ali_repo\io\springfox\springfox-core\2.7.0\springfox-core-2.7.0.jar;D:\java\maven\ali_repo\io\springfox\springfox-schema\2.7.0\springfox-schema-2.7.0.jar;D:\java\maven\ali_repo\io\springfox\springfox-swagger-common\2.7.0\springfox-swagger-common-2.7.0.jar;D:\java\maven\ali_repo\io\springfox\springfox-spring-web\2.7.0\springfox-spring-web-2.7.0.jar;D:\java\maven\ali_repo\org\reflections\reflections\0.9.11\reflections-0.9.11.jar;D:\java\maven\ali_repo\com\google\guava\guava\18.0\guava-18.0.jar;D:\java\maven\ali_repo\com\fasterxml\classmate\1.4.0\classmate-1.4.0.jar;D:\java\maven\ali_repo\org\slf4j\slf4j-api\1.7.26\slf4j-api-1.7.26.jar;D:\java\maven\ali_repo\org\springframework\plugin\spring-plugin-core\1.2.0.RELEASE\spring-plugin-core-1.2.0.RELEASE.jar;D:\java\maven\ali_repo\org\springframework\plugin\spring-plugin-metadata\1.2.0.RELEASE\spring-plugin-metadata-1.2.0.RELEASE.jar;D:\java\maven\ali_repo\org\mapstruct\mapstruct\1.1.0.Final\mapstruct-1.1.0.Final.jar;D:\java\maven\ali_repo\io\springfox\springfox-swagger-ui\2.7.0\springfox-swagger-ui-2.7.0.jar;D:\java\maven\ali_repo\org\apache\httpcomponents\httpclient\4.5.10\httpclient-4.5.10.jar;D:\java\maven\ali_repo\org\apache\httpcomponents\httpcore\4.4.11\httpcore-4.4.11.jar;"/>
    <property name="sun.cpu.endian" value="little"/>
    <property name="user.home" value="C:\Users\yetech"/>
    <property name="user.language" value="zh"/>
    <property name="java.specification.vendor" value="Oracle Corporation"/>
    <property name="java.home" value="D:\java\dep\jdk8\jre"/>
    <property name="basedir" value="D:\java\元镁科技\work2\news"/>
    <property name="file.separator" value="\"/>
    <property name="line.separator" value="&#10;"/>
    <property name="java.vm.specification.vendor" value="Oracle Corporation"/>
    <property name="java.specification.name" value="Java Platform API Specification"/>
    <property name="java.awt.graphicsenv" value="sun.awt.Win32GraphicsEnvironment"/>
    <property name="surefire.real.class.path" value="C:\Users\yetech\AppData\Local\Temp\surefire8836157718173671254\surefirebooter5622544169832393434.jar"/>
    <property name="sun.boot.class.path" value="D:\java\dep\jdk8\jre\lib\resources.jar;D:\java\dep\jdk8\jre\lib\rt.jar;D:\java\dep\jdk8\jre\lib\sunrsasign.jar;D:\java\dep\jdk8\jre\lib\jsse.jar;D:\java\dep\jdk8\jre\lib\jce.jar;D:\java\dep\jdk8\jre\lib\charsets.jar;D:\java\dep\jdk8\jre\lib\jfr.jar;D:\java\dep\jdk8\jre\classes"/>
    <property name="user.script" value=""/>
    <property name="sun.management.compiler" value="HotSpot 64-Bit Tiered Compilers"/>
    <property name="java.runtime.version" value="1.8.0_171-b11"/>
    <property name="user.name" value="yetech"/>
    <property name="path.separator" value=";"/>
    <property name="os.version" value="10.0"/>
    <property name="java.endorsed.dirs" value="D:\java\dep\jdk8\jre\lib\endorsed"/>
    <property name="java.runtime.name" value="Java(TM) SE Runtime Environment"/>
    <property name="file.encoding" value="GBK"/>
    <property name="java.vm.name" value="Java HotSpot(TM) 64-Bit Server VM"/>
    <property name="localRepository" value="D:\java\maven\ali_repo"/>
    <property name="java.vendor.url.bug" value="http://bugreport.sun.com/bugreport/"/>
    <property name="java.io.tmpdir" value="C:\Users\yetech\AppData\Local\Temp\"/>
    <property name="java.version" value="1.8.0_171"/>
    <property name="user.dir" value="D:\java\元镁科技\work2\news"/>
    <property name="os.arch" value="amd64"/>
    <property name="java.vm.specification.name" value="Java Virtual Machine Specification"/>
    <property name="java.awt.printerjob" value="sun.awt.windows.WPrinterJob"/>
    <property name="sun.os.patch.level" value=""/>
    <property name="java.library.path" value="D:\java\dep\jdk8\jre\bin;C:\Windows\Sun\Java\bin;C:\Windows\system32;C:\Windows;d:\program files\graphicsmagick-1.3.12-q16;C:\SIP\Spool\;D:\other\XShell\;D:\other\xftp6\;D:\Program Files\ImageMagick-7.0.8-Q16;C:\Program Files (x86)\Intel\Intel(R) Management Engine Components\iCLS\;C:\Program Files\Intel\Intel(R) Management Engine Components\iCLS\;C:\Windows\system32;C:\Windows;C:\Windows\System32\Wbem;C:\Windows\System32\WindowsPowerShell\v1.0\;C:\Windows\System32\OpenSSH\;C:\Program Files (x86)\Intel\Intel(R) Management Engine Components\DAL;C:\Program Files\Intel\Intel(R) Management Engine Components\DAL;D:\java\dep\jdk8\bin;D:\java\dep\jdk8\jre\bin;D:\java\tomcat\apache-tomcat-6.0.32\bin;D:\java\maven\apache-maven-3.2.5\bin;D:\java\svn\bin;D:\java\nodejs\;C:\Users\yetech\.windows-build-tools\python27;C:\Users\yetech\AppData\Local\Microsoft\WindowsApps;C:\Users\yetech\AppData\Local\BypassRuntm;D:\other\Fiddler;C:\Users\yetech\AppData\Roaming\npm;."/>
    <property name="java.vm.info" value="mixed mode"/>
    <property name="java.vendor" value="Oracle Corporation"/>
    <property name="java.vm.version" value="25.171-b11"/>
    <property name="java.ext.dirs" value="D:\java\dep\jdk8\jre\lib\ext;C:\Windows\Sun\Java\lib\ext"/>
    <property name="sun.io.unicode.encoding" value="UnicodeLittle"/>
    <property name="java.class.version" value="52.0"/>
  </properties>
  <testcase name="contextLoads" classname="com.mynews.NewsApplicationTests" time="5.438"/>
</testsuite>